Determining if the pthread_create exist failed with the following output:
Change Dir: /home/spacecat/AutonomousFlight/simulation/simulation_ws/build/CMakeFiles/CMakeTmp

Run Build Command:/usr/bin/make "cmTryCompileExec3065319451/fast"
/usr/bin/make -f CMakeFiles/cmTryCompileExec3065319451.dir/build.make CMakeFiles/cmTryCompileExec3065319451.dir/build
make[1]: Entering directory `/home/spacecat/AutonomousFlight/simulation/simulation_ws/build/CMakeFiles/CMakeTmp'
/usr/bin/cmake -E cmake_progress_report /home/spacecat/AutonomousFlight/simulation/simulation_ws/build/CMakeFiles/CMakeTmp/CMakeFiles 1
Building C object CMakeFiles/cmTryCompileExec3065319451.dir/CheckSymbolExists.c.o
/usr/bin/cc    -o CMakeFiles/cmTryCompileExec3065319451.dir/CheckSymbolExists.c.o   -c /home/spacecat/AutonomousFlight/simulation/simulation_ws/build/CMakeFiles/CMakeTmp/CheckSymbolExists.c
Linking C executable cmTryCompileExec3065319451
/usr/bin/cmake -E cmake_link_script CMakeFiles/cmTryCompileExec3065319451.dir/link.txt --verbose=1
/usr/bin/cc       CMakeFiles/cmTryCompileExec3065319451.dir/CheckSymbolExists.c.o  -o cmTryCompileExec3065319451 -rdynamic 
CMakeFiles/cmTryCompileExec3065319451.dir/CheckSymbolExists.c.o: In function `main':
CheckSymbolExists.c:(.text+0x16): undefined reference to `pthread_create'
collect2: error: ld returned 1 exit status
make[1]: Leaving directory `/home/spacecat/AutonomousFlight/simulation/simulation_ws/build/CMakeFiles/CMakeTmp'
make[1]: *** [cmTryCompileExec3065319451] Error 1
make: *** [cmTryCompileExec3065319451/fast] Error 2

File /home/spacecat/AutonomousFlight/simulation/simulation_ws/build/CMakeFiles/CMakeTmp/CheckSymbolExists.c:
/* */
#include <pthread.h>

int main(int argc, char** argv)
{
  (void)argv;
#ifndef pthread_create
  return ((int*)(&pthread_create))[argc];
#else
  (void)argc;
  return 0;
#endif
}

Determining if the function pthread_create exists in the pthreads failed with the following output:
Change Dir: /home/spacecat/AutonomousFlight/simulation/simulation_ws/build/CMakeFiles/CMakeTmp

Run Build Command:/usr/bin/make "cmTryCompileExec1424397409/fast"
/usr/bin/make -f CMakeFiles/cmTryCompileExec1424397409.dir/build.make CMakeFiles/cmTryCompileExec1424397409.dir/build
make[1]: Entering directory `/home/spacecat/AutonomousFlight/simulation/simulation_ws/build/CMakeFiles/CMakeTmp'
/usr/bin/cmake -E cmake_progress_report /home/spacecat/AutonomousFlight/simulation/simulation_ws/build/CMakeFiles/CMakeTmp/CMakeFiles 1
Building C object CMakeFiles/cmTryCompileExec1424397409.dir/CheckFunctionExists.c.o
/usr/bin/cc   -DCHECK_FUNCTION_EXISTS=pthread_create   -o CMakeFiles/cmTryCompileExec1424397409.dir/CheckFunctionExists.c.o   -c /usr/share/cmake-2.8/Modules/CheckFunctionExists.c
Linking C executable cmTryCompileExec1424397409
/usr/bin/cmake -E cmake_link_script CMakeFiles/cmTryCompileExec1424397409.dir/link.txt --verbose=1
/usr/bin/cc   -DCHECK_FUNCTION_EXISTS=pthread_create    CMakeFiles/cmTryCompileExec1424397409.dir/CheckFunctionExists.c.o  -o cmTryCompileExec1424397409 -rdynamic -lpthreads 
/usr/bin/ld: cannot find -lpthreads
collect2: error: ld returned 1 exit status
make[1]: Leaving directory `/home/spacecat/AutonomousFlight/simulation/simulation_ws/build/CMakeFiles/CMakeTmp'
make[1]: *** [cmTryCompileExec1424397409] Error 1
make: *** [cmTryCompileExec1424397409/fast] Error 2


